0 info it worked if it ends with ok
1 verbose cli [ '/usr/local/bin/node', '/usr/local/bin/npm', 'publish' ]
2 info using npm@4.0.3
3 info using node@v7.2.1
4 verbose publish [ '.' ]
5 silly cache add args [ '.', null ]
6 verbose cache add spec .
7 silly cache add parsed spec Result {
7 silly cache add   raw: '.',
7 silly cache add   scope: null,
7 silly cache add   escapedName: null,
7 silly cache add   name: null,
7 silly cache add   rawSpec: '.',
7 silly cache add   spec: '/Users/chiel/Downloads/bot/triton/nodejsSlackBotAzure',
7 silly cache add   type: 'directory' }
8 verbose addLocalDirectory /Users/chiel/.npm/nodejsslackbot/1.0.0/package.tgz not in flight; packing
9 verbose correctMkdir /Users/chiel/.npm correctMkdir not in flight; initializing
10 info lifecycle nodejsslackbot@1.0.0~prepublish: nodejsslackbot@1.0.0
11 silly lifecycle nodejsslackbot@1.0.0~prepublish: no script for prepublish, continuing
12 info lifecycle nodejsslackbot@1.0.0~prepare: nodejsslackbot@1.0.0
13 silly lifecycle nodejsslackbot@1.0.0~prepare: no script for prepare, continuing
14 verbose tar pack [ '/Users/chiel/.npm/nodejsslackbot/1.0.0/package.tgz',
14 verbose tar pack   '/Users/chiel/Downloads/bot/triton/nodejsSlackBotAzure' ]
15 verbose tarball /Users/chiel/.npm/nodejsslackbot/1.0.0/package.tgz
16 verbose folder /Users/chiel/Downloads/bot/triton/nodejsSlackBotAzure
17 verbose addLocalTarball adding from inside cache /Users/chiel/.npm/nodejsslackbot/1.0.0/package.tgz
18 verbose correctMkdir /Users/chiel/.npm correctMkdir not in flight; initializing
19 silly cache afterAdd nodejsslackbot@1.0.0
20 verbose afterAdd /Users/chiel/.npm/nodejsslackbot/1.0.0/package/package.json not in flight; writing
21 verbose correctMkdir /Users/chiel/.npm correctMkdir not in flight; initializing
22 verbose afterAdd /Users/chiel/.npm/nodejsslackbot/1.0.0/package/package.json written
23 silly publish { name: 'nodejsslackbot',
23 silly publish   version: '1.0.0',
23 silly publish   description: '',
23 silly publish   main: 'helloWorldAzure.js',
23 silly publish   scripts: { test: 'echo "Error: no test specified" && exit 1' },
23 silly publish   repository:
23 silly publish    { type: 'git',
23 silly publish      url: 'git+https://github.com/mgroenemeijer/nodejsSlackBotAzure.git' },
23 silly publish   author: { name: 'Mr. Green' },
23 silly publish   license: 'ISC',
23 silly publish   bugs: { url: 'https://github.com/mgroenemeijer/nodejsSlackBotAzure/issues' },
23 silly publish   homepage: 'https://github.com/mgroenemeijer/nodejsSlackBotAzure#readme',
23 silly publish   gitHead: '1c0974f2f5501f3f2de0bb03d27e0f7d11d1b7c7',
23 silly publish   readme: 'ERROR: No README data found!',
23 silly publish   _id: 'nodejsslackbot@1.0.0',
23 silly publish   _shasum: 'e3d7f430fbbf63283f7fb67f9e9136071fc3e017',
23 silly publish   _from: '.' }
24 info lifecycle nodejsslackbot@1.0.0~prepublishOnly: nodejsslackbot@1.0.0
25 silly lifecycle nodejsslackbot@1.0.0~prepublishOnly: no script for prepublishOnly, continuing
26 verbose getPublishConfig undefined
27 silly mapToRegistry name nodejsslackbot
28 silly mapToRegistry using default registry
29 silly mapToRegistry registry https://registry.npmjs.org/
30 silly mapToRegistry data Result {
30 silly mapToRegistry   raw: 'nodejsslackbot',
30 silly mapToRegistry   scope: null,
30 silly mapToRegistry   escapedName: 'nodejsslackbot',
30 silly mapToRegistry   name: 'nodejsslackbot',
30 silly mapToRegistry   rawSpec: '',
30 silly mapToRegistry   spec: 'latest',
30 silly mapToRegistry   type: 'tag' }
31 silly mapToRegistry uri https://registry.npmjs.org/nodejsslackbot
32 verbose publish registryBase https://registry.npmjs.org/
33 silly publish uploading /Users/chiel/.npm/nodejsslackbot/1.0.0/package.tgz
34 verbose stack Error: auth required for publishing
34 verbose stack     at CachingRegistryClient.publish (/usr/local/lib/node_modules/npm/node_modules/npm-registry-client/lib/publish.js:30:14)
34 verbose stack     at /usr/local/lib/node_modules/npm/lib/publish.js:137:14
34 verbose stack     at mapToRegistry (/usr/local/lib/node_modules/npm/lib/utils/map-to-registry.js:62:3)
34 verbose stack     at publish_ (/usr/local/lib/node_modules/npm/lib/publish.js:108:3)
34 verbose stack     at Array.<anonymous> (/usr/local/lib/node_modules/npm/node_modules/slide/lib/bind-actor.js:15:8)
34 verbose stack     at LOOP (/usr/local/lib/node_modules/npm/node_modules/slide/lib/chain.js:15:14)
34 verbose stack     at /usr/local/lib/node_modules/npm/node_modules/slide/lib/chain.js:18:7
34 verbose stack     at done (/usr/local/lib/node_modules/npm/lib/utils/lifecycle.js:132:5)
34 verbose stack     at LOOP (/usr/local/lib/node_modules/npm/node_modules/slide/lib/chain.js:7:26)
34 verbose stack     at /usr/local/lib/node_modules/npm/node_modules/slide/lib/chain.js:18:7
35 verbose cwd /Users/chiel/Downloads/bot/triton/nodejsSlackBotAzure
36 error Darwin 16.1.0
37 error argv "/usr/local/bin/node" "/usr/local/bin/npm" "publish"
38 error node v7.2.1
39 error npm  v4.0.3
40 error code ENEEDAUTH
41 error need auth auth required for publishing
42 error need auth You need to authorize this machine using `npm adduser`
43 verbose exit [ 1, true ]
